Running: D:\ise_files\14.7\ISE_DS\ISE\bin\nt64\unwrapped\fuse.exe -intstyle ise -incremental -lib secureip -o C:/Users/asus/exe4/exe4_testbench_isim_beh.exe -prj C:/Users/asus/exe4/exe4_testbench_beh.prj work.exe4_testbench 
ISim P.20131013 (signature 0x7708f090)
Number of CPUs detected in this system: 8
Turning on mult-threading, number of parallel sub-compilation jobs: 16 
Determining compilation order of HDL files
Parsing VHDL file "C:/Users/asus/exe4/exe4_module.vhd" into library work
Parsing VHDL file "C:/Users/asus/exe4/exe4_testbench.vhd" into library work
Starting static elaboration
Completed static elaboration
Compiling package standard
Compiling package std_logic_1164
Compiling architecture behavioral of entity exe4_module [exe4_module_default]
Compiling architecture behavior of entity exe4_testbench
Time Resolution for simulation is 1ps.
Waiting for 1 sub-compilation(s) to finish...
WARNING:Simulator - Unable to copy libPortabilityNOSH.dll to the simulation executable directory: boost::filesystem::copy_file: The system cannot find the path specified, "isim\exe4_testbench_isim_beh.exe.sim\libPortability.dll".
Compiled 5 VHDL Units
Built simulation executable C:/Users/asus/exe4/exe4_testbench_isim_beh.exe
Fuse Memory Usage: 30000 KB
Fuse CPU Usage: 389 ms
